<?xml version="1.0" encoding="UTF-8"?>
<!-- Generated by org.testng.reporters.JUnitXMLReporter -->
<testsuite ignored="0" hostname="elzevir-N56VB" failures="1" tests="6" name="ANCHROME" time="61.728" errors="0" timestamp="2022-08-06T21:10:27 ART">
  <testcase classname="com.registro.RegistroTest" name="f" time="9.295">
    <failure type="org.openqa.selenium.ElementClickInterceptedException" message="element click intercepted: Element &amp;lt;input class=&amp;quot;formulario__checkbox&amp;quot; type=&amp;quot;checkbox&amp;quot; name=&amp;quot;terminos&amp;quot; id=&amp;quot;terminos&amp;quot;&amp;gt; is not clickable at point (71, 112). Other element would receive the click: &amp;lt;input type=&amp;quot;text&amp;quot; class=&amp;quot;formulario__input&amp;quot; name=&amp;quot;telefono&amp;quot; id=&amp;quot;telefono&amp;quot; placeholder=&amp;quot;4491234567&amp;quot; value=&amp;quot;4491234567&amp;quot;&amp;gt;
  (Session info: chrome=103.0.5060.129)
Build info: version: &amp;apos;4.3.0&amp;apos;, revision: &amp;apos;a4995e2c09*&amp;apos;
System info: host: &amp;apos;elzevir-N56VB&amp;apos;, ip: &amp;apos;127.0.1.1&amp;apos;, os.name: &amp;apos;Linux&amp;apos;, os.arch: &amp;apos;amd64&amp;apos;, os.version: &amp;apos;5.4.0-122-generic&amp;apos;, java.version: &amp;apos;17.0.4&amp;apos;
Driver info: io.appium.java_client.android.AndroidDriver
Command: [6dfd8e9b-2ecb-4997-b3ba-8bd6b56acc68, clickElement {id=4d6810b4-8855-4d3b-9c1a-40d644acc7ad}]
Capabilities {appium:adbExecTimeout: 60000, appium:appActivity: com.google.android.apps.chr..., appium:appPackage: com.android.chrome, appium:automationName: UiAutomator2, appium:chromedriverExecutable: /home/WebDriver/chromedriver, appium:chromedriverUseSystemExecutable: true, appium:databaseEnabled: false, appium:desired: {adbExecTimeout: 60000, automationName: UiAutomator2, browserName: chrome, chromedriverExecutable: /home/WebDriver/chromedriver, chromedriverUseSystemExecutable: true, deviceName: SM-J71MN, goog:chromeOptions: {args: [], extensions: []}, newCommandTimeout: 60, platformName: android, platformVersion: 8.1.0, udid: 52032936c0e08321}, appium:deviceApiLevel: 27, appium:deviceManufacturer: samsung, appium:deviceModel: SM-J710MN, appium:deviceName: 52032936c0e08321, appium:deviceScreenDensity: 320, appium:deviceScreenSize: 720x1280, appium:deviceUDID: 52032936c0e08321, appium:javascriptEnabled: true, appium:locationContextEnabled: false, appium:networkConnectionEnabled: true, appium:newCommandTimeout: 60, appium:pixelRatio: 2, appium:platformVersion: 8.1.0, appium:statBarHeight: 48, appium:takesScreenshot: true, appium:udid: 52032936c0e08321, appium:viewportRect: {height: 1232, left: 0, top: 48, width: 720}, appium:warnings: {}, appium:webStorageEnabled: false, browserName: chrome, goog:chromeOptions: {args: [], extensions: []}, platformName: ANDROID}
Element: [[AndroidDriver: chrome on ANDROID (6dfd8e9b-2ecb-4997-b3ba-8bd6b56acc68)] -&amp;gt; xpath: //*[@id=&amp;apos;terminos&amp;apos;]]
Session ID: 6dfd8e9b-2ecb-4997-b3ba-8bd6b56acc68">
      <![CDATA[org.openqa.selenium.ElementClickInterceptedException: element click intercepted: Element <input class="formulario__checkbox" type="checkbox" name="terminos" id="terminos"> is not clickable at point (71, 112). Other element would receive the click: <input type="text" class="formulario__input" name="telefono" id="telefono" placeholder="4491234567" value="4491234567">
  (Session info: chrome=103.0.5060.129)
Build info: version: '4.3.0', revision: 'a4995e2c09*'
System info: host: 'elzevir-N56VB', ip: '127.0.1.1', os.name: 'Linux', os.arch: 'amd64', os.version: '5.4.0-122-generic', java.version: '17.0.4'
Driver info: io.appium.java_client.android.AndroidDriver
Command: [6dfd8e9b-2ecb-4997-b3ba-8bd6b56acc68, clickElement {id=4d6810b4-8855-4d3b-9c1a-40d644acc7ad}]
Capabilities {appium:adbExecTimeout: 60000, appium:appActivity: com.google.android.apps.chr..., appium:appPackage: com.android.chrome, appium:automationName: UiAutomator2, appium:chromedriverExecutable: /home/WebDriver/chromedriver, appium:chromedriverUseSystemExecutable: true, appium:databaseEnabled: false, appium:desired: {adbExecTimeout: 60000, automationName: UiAutomator2, browserName: chrome, chromedriverExecutable: /home/WebDriver/chromedriver, chromedriverUseSystemExecutable: true, deviceName: SM-J71MN, goog:chromeOptions: {args: [], extensions: []}, newCommandTimeout: 60, platformName: android, platformVersion: 8.1.0, udid: 52032936c0e08321}, appium:deviceApiLevel: 27, appium:deviceManufacturer: samsung, appium:deviceModel: SM-J710MN, appium:deviceName: 52032936c0e08321, appium:deviceScreenDensity: 320, appium:deviceScreenSize: 720x1280, appium:deviceUDID: 52032936c0e08321, appium:javascriptEnabled: true, appium:locationContextEnabled: false, appium:networkConnectionEnabled: true, appium:newCommandTimeout: 60, appium:pixelRatio: 2, appium:platformVersion: 8.1.0, appium:statBarHeight: 48, appium:takesScreenshot: true, appium:udid: 52032936c0e08321, appium:viewportRect: {height: 1232, left: 0, top: 48, width: 720}, appium:warnings: {}, appium:webStorageEnabled: false, browserName: chrome, goog:chromeOptions: {args: [], extensions: []}, platformName: ANDROID}
Element: [[AndroidDriver: chrome on ANDROID (6dfd8e9b-2ecb-4997-b3ba-8bd6b56acc68)] -> xpath: //*[@id='terminos']]
Session ID: 6dfd8e9b-2ecb-4997-b3ba-8bd6b56acc68
at org.openqa.selenium.remote.codec.w3c.W3CHttpResponseCodec.createException(W3CHttpResponseCodec.java:200)
at org.openqa.selenium.remote.codec.w3c.W3CHttpResponseCodec.decode(W3CHttpResponseCodec.java:133)
at org.openqa.selenium.remote.codec.w3c.W3CHttpResponseCodec.decode(W3CHttpResponseCodec.java:53)
at org.openqa.selenium.remote.HttpCommandExecutor.execute(HttpCommandExecutor.java:184)
at io.appium.java_client.remote.AppiumCommandExecutor.execute(AppiumCommandExecutor.java:180)
at org.openqa.selenium.remote.RemoteWebDriver.execute(RemoteWebDriver.java:569)
at org.openqa.selenium.remote.RemoteWebElement.execute(RemoteWebElement.java:257)
at org.openqa.selenium.remote.RemoteWebElement.click(RemoteWebElement.java:78)
at pageModel.RegistroWeb.clickTermino(RegistroWeb.java:57)
at pageModel.RegistroWeb.checkyAceptar(RegistroWeb.java:79)
at com.registro.RegistroTest.f(RegistroTest.java:35)
at java.base/java.util.ArrayList.forEach(ArrayList.java:1511)
at java.base/java.util.concurrent.FutureTask.run(FutureTask.java:264)
at java.base/java.util.concurrent.ThreadPoolExecutor.runWorker(ThreadPoolExecutor.java:1136)
at java.base/java.util.concurrent.ThreadPoolExecutor$Worker.run(ThreadPoolExecutor.java:635)
at java.base/java.lang.Thread.run(Thread.java:833)
... Removed 23 stack frames]]>
    </failure>
  </testcase> <!-- f -->
  <testcase classname="com.registro.RegistroTest" name="f" time="6.252"/>
  <testcase classname="com.registro.RegistroTest" name="f" time="5.164"/>
  <testcase classname="com.registro.RegistroTest" name="f" time="5.156"/>
  <testcase classname="com.registro.RegistroTest" name="f" time="5.889"/>
  <testcase classname="com.registro.RegistroTest" name="f" time="5.393"/>
</testsuite> <!-- ANCHROME -->
