<?xml version="1.0" encoding="UTF-8"?>
<!-- Generated by org.testng.reporters.JUnitXMLReporter -->
<testsuite ignored="0" hostname="elzevir-N56VB" failures="0" tests="6" name="CHROME" time="199.463" errors="0" timestamp="2022-05-21T18:37:21 ART">
  <testcase classname="com.registro.RegistroTest" name="f" time="25.972"/>
  <testcase classname="com.registro.RegistroTest" name="f" time="11.407"/>
  <testcase classname="com.registro.RegistroTest" name="f" time="21.081"/>
  <testcase classname="com.registro.RegistroTest" name="f" time="18.67"/>
  <testcase classname="com.registro.RegistroTest" name="f" time="11.65"/>
  <testcase classname="com.registro.RegistroTest" name="f" time="10.849"/>
</testsuite> <!-- CHROME -->
