<?xml version="1.0" encoding="UTF-8"?>
<!-- Generated by org.testng.reporters.JUnitXMLReporter -->
<testsuite ignored="0" hostname="elzevir-N56VB" failures="0" tests="6" name="CHROME" time="96.752" errors="0" timestamp="2022-05-24T23:57:06 ART">
  <testcase classname="com.registro.RegistroTest" name="f" time="18.363"/>
  <testcase classname="com.registro.RegistroTest" name="f" time="10.43"/>
  <testcase classname="com.registro.RegistroTest" name="f" time="9.925"/>
  <testcase classname="com.registro.RegistroTest" name="f" time="10.366"/>
  <testcase classname="com.registro.RegistroTest" name="f" time="10.034"/>
  <testcase classname="com.registro.RegistroTest" name="f" time="9.872"/>
</testsuite> <!-- CHROME -->
